<?xml version="1.0" encoding="UTF-8"?>
<!-- Generated by org.testng.reporters.JUnitXMLReporter -->
<testsuite ignored="0" hostname="DESKTOP-O9OR2BF" failures="1" tests="1" name="ChromeTest" time="0.074" errors="0" timestamp="2023-01-27T11:46:46 IST">
  <testcase classname="com.Game.MainPage.One_To_Fifty_MainPage" name="user1" time="0.0">
    <failure type="org.testng.TestNGException" message="
Cannot inject @Test annotated Method [user1] with [class java.lang.String].
For more information on native dependency injection please refer to https://testng.org/doc/documentation-main.html#native-dependency-injection">
      <![CDATA[org.testng.TestNGException: 
Cannot inject @Test annotated Method [user1] with [class java.lang.String].
For more information on native dependency injection please refer to https://testng.org/doc/documentation-main.html#native-dependency-injection
at java.base/java.util.ArrayList.forEach(ArrayList.java:1511)
... Removed 26 stack frames]]>
    </failure>
  </testcase> <!-- user1 -->
</testsuite> <!-- ChromeTest -->
