<?xml version="1.0" encoding="UTF-8"?>
<testng-results ignored="0" total="1" passed="0" failed="1" skipped="0">
  <reporter-output>
  </reporter-output>
  <suite started-at="2023-01-28T17:47:48 IST" name="Suite" finished-at="2023-01-28T17:47:48 IST" duration-ms="101">
    <groups>
    </groups>
    <test started-at="2023-01-28T17:47:48 IST" name="Test" finished-at="2023-01-28T17:47:48 IST" duration-ms="101">
      <class name="com.Game.MainPage.One_To_Fifty_MainPage">
        <test-method signature="user1(java.lang.String)[pri:0, instance:com.Game.MainPage.One_To_Fifty_MainPage@48f278eb]" started-at="2023-01-28T17:47:48 IST" name="user1" finished-at="2023-01-28T17:47:48 IST" duration-ms="0" status="FAIL">
          <exception class="org.testng.TestNGException">
            <message>
              <![CDATA[
Parameter 'browser' is required by @Test on method user1 but has not been marked @Optional or defined
in C:\Users\Bhavin\eclipse-workspace\GameHouse\GameHouse\parallel.xml]]>
            </message>
            <full-stacktrace>
              <![CDATA[org.testng.TestNGException: 
Parameter 'browser' is required by @Test on method user1 but has not been marked @Optional or defined
in C:\Users\Bhavin\eclipse-workspace\GameHouse\GameHouse\parallel.xml
at org.testng.internal.Parameters.createParams(Parameters.java:270)
at org.testng.internal.Parameters.createParametersForMethod(Parameters.java:358)
at org.testng.internal.Parameters.createParameters(Parameters.java:700)
at org.testng.internal.Parameters.handleParameters(Parameters.java:884)
at org.testng.internal.Parameters.handleParameters(Parameters.java:740)
at org.testng.internal.ParameterHandler.handleParameters(ParameterHandler.java:59)
at org.testng.internal.ParameterHandler.createParameters(ParameterHandler.java:38)
at org.testng.internal.TestInvoker$MethodInvocationAgent.invoke(TestInvoker.java:791)
at org.testng.internal.TestInvoker.invokeTestMethods(TestInvoker.java:146)
at org.testng.internal.TestMethodWorker.invokeTestMethods(TestMethodWorker.java:146)
at org.testng.internal.TestMethodWorker.run(TestMethodWorker.java:128)
at java.base/java.util.concurrent.ThreadPoolExecutor.runWorker(ThreadPoolExecutor.java:1136)
at java.base/java.util.concurrent.ThreadPoolExecutor$Worker.run(ThreadPoolExecutor.java:635)
at java.base/java.lang.Thread.run(Thread.java:833)
]]>
            </full-stacktrace>
          </exception> <!-- org.testng.TestNGException -->
          <reporter-output>
          </reporter-output>
        </test-method> <!-- user1 -->
      </class> <!-- com.Game.MainPage.One_To_Fifty_MainPage -->
    </test> <!-- Test -->
  </suite> <!-- Suite -->
</testng-results>
